<?xml version="1.0" encoding="UTF-8"?>
<testsuite name="com.example.velog.service.UserServiceTest" tests="2" skipped="0" failures="0" errors="0" timestamp="2023-02-24T10:30:10" hostname="DESKTOP-T2712FI" time="0.075">
  <properties/>
  <testcase name="회원가입 테스트" classname="com.example.velog.service.UserServiceTest" time="0.073"/>
  <testcase name="로그인 테스트" classname="com.example.velog.service.UserServiceTest" time="0.002"/>
  <system-out><![CDATA[2023-02-24 19:30:10.114  INFO 14096 --- [    Test worker] .b.t.c.SpringBootTestContextBootstrapper : Neither @ContextConfiguration nor @ContextHierarchy found for test class [com.example.velog.service.UserServiceTest], using SpringBootContextLoader
2023-02-24 19:30:10.115  INFO 14096 --- [    Test worker] o.s.t.c.s.AbstractContextLoader          : Could not detect default resource locations for test class [com.example.velog.service.UserServiceTest]: no resource found for suffixes {-context.xml, Context.groovy}.
2023-02-24 19:30:10.116  INFO 14096 --- [    Test worker] t.c.s.AnnotationConfigContextLoaderUtils : Could not detect default configuration classes for test class [com.example.velog.service.UserServiceTest]: UserServiceTest does not declare any static, non-private, non-final, nested classes annotated with @Configuration.
2023-02-24 19:30:10.121  INFO 14096 --- [    Test worker] .b.t.c.SpringBootTestContextBootstrapper : Found @SpringBootConfiguration com.example.velog.VelogApplication for test class com.example.velog.service.UserServiceTest
2023-02-24 19:30:10.122  INFO 14096 --- [    Test worker] .b.t.c.SpringBootTestContextBootstrapper : Loaded default TestExecutionListener class names from location [META-INF/spring.factories]: [org.springframework.boot.test.autoconfigure.restdocs.RestDocsTestExecutionListener, org.springframework.boot.test.autoconfigure.web.client.MockRestServiceServerResetTestExecutionListener, org.springframework.boot.test.autoconfigure.web.servlet.MockMvcPrintOnlyOnFailureTestExecutionListener, org.springframework.boot.test.autoconfigure.web.servlet.WebDriverTestExecutionListener, org.springframework.boot.test.autoconfigure.webservices.client.MockWebServiceServerTestExecutionListener, org.springframework.boot.test.mock.mockito.MockitoTestExecutionListener, org.springframework.boot.test.mock.mockito.ResetMocksTestExecutionListener, org.springframework.test.context.web.ServletTestExecutionListener, org.springframework.test.context.support.DirtiesContextBeforeModesTestExecutionListener, org.springframework.test.context.event.ApplicationEventsTestExecutionListener, org.springframework.test.context.support.DependencyInjectionTestExecutionListener, org.springframework.test.context.support.DirtiesContextTestExecutionListener, org.springframework.test.context.transaction.TransactionalTestExecutionListener, org.springframework.test.context.jdbc.SqlScriptsTestExecutionListener, org.springframework.test.context.event.EventPublishingTestExecutionListener]
2023-02-24 19:30:10.123  INFO 14096 --- [    Test worker] .b.t.c.SpringBootTestContextBootstrapper : Using TestExecutionListeners: [org.springframework.test.context.web.ServletTestExecutionListener@3335ff94, org.springframework.test.context.support.DirtiesContextBeforeModesTestExecutionListener@627903e0, org.springframework.test.context.event.ApplicationEventsTestExecutionListener@773bfc34, org.springframework.boot.test.mock.mockito.MockitoTestExecutionListener@55310225, org.springframework.boot.test.autoconfigure.SpringBootDependencyInjectionTestExecutionListener@49649e48, org.springframework.test.context.support.DirtiesContextTestExecutionListener@63a8e287, org.springframework.test.context.transaction.TransactionalTestExecutionListener@4b5a689a, org.springframework.test.context.jdbc.SqlScriptsTestExecutionListener@16a76bfe, org.springframework.test.context.event.EventPublishingTestExecutionListener@7bdc31bc, org.springframework.boot.test.autoconfigure.restdocs.RestDocsTestExecutionListener@5f44589a, org.springframework.boot.test.autoconfigure.web.client.MockRestServiceServerResetTestExecutionListener@47c2f550, org.springframework.boot.test.autoconfigure.web.servlet.MockMvcPrintOnlyOnFailureTestExecutionListener@6a978ecd, org.springframework.boot.test.autoconfigure.web.servlet.WebDriverTestExecutionListener@705c03f2, org.springframework.boot.test.autoconfigure.webservices.client.MockWebServiceServerTestExecutionListener@da115eb, org.springframework.boot.test.mock.mockito.ResetMocksTestExecutionListener@5d19197a]

  .   ____          _            __ _ _
 /\\ / ___'_ __ _ _(_)_ __  __ _ \ \ \ \
( ( )\___ | '_ | '_| | '_ \/ _` | \ \ \ \
 \\/  ___)| |_)| | | | | || (_| |  ) ) ) )
  '  |____| .__|_| |_|_| |_\__, | / / / /
 =========|_|==============|___/=/_/_/_/
 :: Spring Boot ::                (v2.7.8)

2023-02-24 19:30:10.137  INFO 14096 --- [    Test worker] c.e.v.s.UserServiceTest                  : Starting UserServiceTest using Java 11.0.17 on DESKTOP-T2712FI with PID 14096 (started by user in C:\study_\project\velog)
2023-02-24 19:30:10.138  INFO 14096 --- [    Test worker] c.e.v.s.UserServiceTest                  : No active profile set, falling back to 1 default profile: "default"
2023-02-24 19:30:10.535  INFO 14096 --- [    Test worker] c.e.v.s.UserServiceTest                  : Started UserServiceTest in 0.411 seconds (JVM running for 4.956)
]]></system-out>
  <system-err><![CDATA[]]></system-err>
</testsuite>
