<?xml version="1.0" encoding="UTF-8"?>
<testsuite name="com.example.velog.VelogApplicationTests" tests="1" skipped="0" failures="0" errors="0" timestamp="2023-02-24T10:30:10" hostname="DESKTOP-T2712FI" time="0.002">
  <properties/>
  <testcase name="contextLoads()" classname="com.example.velog.VelogApplicationTests" time="0.002"/>
  <system-out><![CDATA[2023-02-24 19:30:09.177  INFO 14096 --- [    Test worker] .b.t.c.SpringBootTestContextBootstrapper : Neither @ContextConfiguration nor @ContextHierarchy found for test class [com.example.velog.VelogApplicationTests], using SpringBootContextLoader
2023-02-24 19:30:09.178  INFO 14096 --- [    Test worker] o.s.t.c.s.AbstractContextLoader          : Could not detect default resource locations for test class [com.example.velog.VelogApplicationTests]: no resource found for suffixes {-context.xml, Context.groovy}.
2023-02-24 19:30:09.178  INFO 14096 --- [    Test worker] t.c.s.AnnotationConfigContextLoaderUtils : Could not detect default configuration classes for test class [com.example.velog.VelogApplicationTests]: VelogApplicationTests does not declare any static, non-private, non-final, nested classes annotated with @Configuration.
2023-02-24 19:30:09.183  INFO 14096 --- [    Test worker] .b.t.c.SpringBootTestContextBootstrapper : Found @SpringBootConfiguration com.example.velog.VelogApplication for test class com.example.velog.VelogApplicationTests
2023-02-24 19:30:09.187  INFO 14096 --- [    Test worker] .b.t.c.SpringBootTestContextBootstrapper : Loaded default TestExecutionListener class names from location [META-INF/spring.factories]: [org.springframework.boot.test.autoconfigure.restdocs.RestDocsTestExecutionListener, org.springframework.boot.test.autoconfigure.web.client.MockRestServiceServerResetTestExecutionListener, org.springframework.boot.test.autoconfigure.web.servlet.MockMvcPrintOnlyOnFailureTestExecutionListener, org.springframework.boot.test.autoconfigure.web.servlet.WebDriverTestExecutionListener, org.springframework.boot.test.autoconfigure.webservices.client.MockWebServiceServerTestExecutionListener, org.springframework.boot.test.mock.mockito.MockitoTestExecutionListener, org.springframework.boot.test.mock.mockito.ResetMocksTestExecutionListener, org.springframework.test.context.web.ServletTestExecutionListener, org.springframework.test.context.support.DirtiesContextBeforeModesTestExecutionListener, org.springframework.test.context.event.ApplicationEventsTestExecutionListener, org.springframework.test.context.support.DependencyInjectionTestExecutionListener, org.springframework.test.context.support.DirtiesContextTestExecutionListener, org.springframework.test.context.transaction.TransactionalTestExecutionListener, org.springframework.test.context.jdbc.SqlScriptsTestExecutionListener, org.springframework.test.context.event.EventPublishingTestExecutionListener]
2023-02-24 19:30:09.187  INFO 14096 --- [    Test worker] .b.t.c.SpringBootTestContextBootstrapper : Using TestExecutionListeners: [org.springframework.test.context.web.ServletTestExecutionListener@45f5baf5, org.springframework.test.context.support.DirtiesContextBeforeModesTestExecutionListener@45b60db7, org.springframework.test.context.event.ApplicationEventsTestExecutionListener@169a94ce, org.springframework.boot.test.mock.mockito.MockitoTestExecutionListener@37b7011e, org.springframework.boot.test.autoconfigure.SpringBootDependencyInjectionTestExecutionListener@5f7d270f, org.springframework.test.context.support.DirtiesContextTestExecutionListener@2a5342e2, org.springframework.test.context.transaction.TransactionalTestExecutionListener@682d8f82, org.springframework.test.context.jdbc.SqlScriptsTestExecutionListener@679ddc68, org.springframework.test.context.event.EventPublishingTestExecutionListener@516edacb, org.springframework.boot.test.autoconfigure.restdocs.RestDocsTestExecutionListener@611ac656, org.springframework.boot.test.autoconfigure.web.client.MockRestServiceServerResetTestExecutionListener@65cf0468, org.springframework.boot.test.autoconfigure.web.servlet.MockMvcPrintOnlyOnFailureTestExecutionListener@6cb8fa25, org.springframework.boot.test.autoconfigure.web.servlet.WebDriverTestExecutionListener@4b27ddfb, org.springframework.boot.test.autoconfigure.webservices.client.MockWebServiceServerTestExecutionListener@7cb89abf, org.springframework.boot.test.mock.mockito.ResetMocksTestExecutionListener@61c93d04]

  .   ____          _            __ _ _
 /\\ / ___'_ __ _ _(_)_ __  __ _ \ \ \ \
( ( )\___ | '_ | '_| | '_ \/ _` | \ \ \ \
 \\/  ___)| |_)| | | | | || (_| |  ) ) ) )
  '  |____| .__|_| |_|_| |_\__, | / / / /
 =========|_|==============|___/=/_/_/_/
 :: Spring Boot ::                (v2.7.8)

2023-02-24 19:30:09.205  INFO 14096 --- [    Test worker] c.e.v.VelogApplicationTests              : Starting VelogApplicationTests using Java 11.0.17 on DESKTOP-T2712FI with PID 14096 (started by user in C:\study_\project\velog)
2023-02-24 19:30:09.206  INFO 14096 --- [    Test worker] c.e.v.VelogApplicationTests              : No active profile set, falling back to 1 default profile: "default"
2023-02-24 19:30:10.108  INFO 14096 --- [    Test worker] c.e.v.VelogApplicationTests              : Started VelogApplicationTests in 0.919 seconds (JVM running for 4.529)
]]></system-out>
  <system-err><![CDATA[]]></system-err>
</testsuite>
